{"/Users/selcuk/Documents/projects/react-native-photo-gallery-view/src/Assets/Images/back.png": {"path":"/Users/selcuk/Documents/projects/react-native-photo-gallery-view/src/Assets/Images/back.png","statementMap":{"0":{"start":{"line":1,"column":0},"end":{"line":4,"column":6}}},"fnMap":{},"branchMap":{},"s":{"0":1},"f":{},"b":{},"_coverageSchema":"43e27e138ebf9cfc5966b082cf9a028302ed4184","hash":"35c1afdae3bc86289bc6f68b8eb1b349762fcb6b"}
,"/Users/selcuk/Documents/projects/react-native-photo-gallery-view/src/Assets/Images/checked.png": {"path":"/Users/selcuk/Documents/projects/react-native-photo-gallery-view/src/Assets/Images/checked.png","statementMap":{"0":{"start":{"line":1,"column":0},"end":{"line":4,"column":6}}},"fnMap":{},"branchMap":{},"s":{"0":1},"f":{},"b":{},"_coverageSchema":"43e27e138ebf9cfc5966b082cf9a028302ed4184","hash":"3e0d57a6190ea8ef5a5a942e121a8fb4f7c896fd"}
,"/Users/selcuk/Documents/projects/react-native-photo-gallery-view/src/Assets/Images/radius-bg.png": {"path":"/Users/selcuk/Documents/projects/react-native-photo-gallery-view/src/Assets/Images/radius-bg.png","statementMap":{"0":{"start":{"line":1,"column":0},"end":{"line":4,"column":6}}},"fnMap":{},"branchMap":{},"s":{"0":2},"f":{},"b":{},"_coverageSchema":"43e27e138ebf9cfc5966b082cf9a028302ed4184","hash":"51baa5290462b1fed48f356efc17b31a4e8cd1fa"}
,"/Users/selcuk/Documents/projects/react-native-photo-gallery-view/src/Assets/Styles/AlbumStyle.ts": {"path":"/Users/selcuk/Documents/projects/react-native-photo-gallery-view/src/Assets/Styles/AlbumStyle.ts","statementMap":{"0":{"start":{"line":1,"column":0},"end":{"line":1,"column":88}},"1":{"start":{"line":3,"column":26},"end":{"line":3,"column":50}},"2":{"start":{"line":5,"column":13},"end":{"line":38,"column":3}}},"fnMap":{},"branchMap":{},"s":{"0":7,"1":7,"2":7},"f":{},"b":{}}
,"/Users/selcuk/Documents/projects/react-native-photo-gallery-view/src/Assets/Styles/BlurImageStyle.ts": {"path":"/Users/selcuk/Documents/projects/react-native-photo-gallery-view/src/Assets/Styles/BlurImageStyle.ts","statementMap":{"0":{"start":{"line":2,"column":0},"end":{"line":2,"column":65}},"1":{"start":{"line":4,"column":13},"end":{"line":18,"column":3}}},"fnMap":{},"branchMap":{},"s":{"0":7,"1":7},"f":{},"b":{}}
,"/Users/selcuk/Documents/projects/react-native-photo-gallery-view/src/Assets/Styles/FooterStyle.ts": {"path":"/Users/selcuk/Documents/projects/react-native-photo-gallery-view/src/Assets/Styles/FooterStyle.ts","statementMap":{"0":{"start":{"line":1,"column":0},"end":{"line":1,"column":53}},"1":{"start":{"line":3,"column":13},"end":{"line":13,"column":3}}},"fnMap":{},"branchMap":{},"s":{"0":7,"1":7},"f":{},"b":{}}
,"/Users/selcuk/Documents/projects/react-native-photo-gallery-view/src/Assets/Styles/GalleryStyle.ts": {"path":"/Users/selcuk/Documents/projects/react-native-photo-gallery-view/src/Assets/Styles/GalleryStyle.ts","statementMap":{"0":{"start":{"line":1,"column":0},"end":{"line":1,"column":53}},"1":{"start":{"line":3,"column":13},"end":{"line":7,"column":3}}},"fnMap":{},"branchMap":{},"s":{"0":7,"1":7},"f":{},"b":{}}
,"/Users/selcuk/Documents/projects/react-native-photo-gallery-view/src/Assets/Styles/PreviewModalStyle.ts": {"path":"/Users/selcuk/Documents/projects/react-native-photo-gallery-view/src/Assets/Styles/PreviewModalStyle.ts","statementMap":{"0":{"start":{"line":2,"column":0},"end":{"line":2,"column":77}},"1":{"start":{"line":4,"column":26},"end":{"line":4,"column":50}},"2":{"start":{"line":5,"column":14},"end":{"line":5,"column":15}},"3":{"start":{"line":7,"column":13},"end":{"line":44,"column":3}}},"fnMap":{},"branchMap":{},"s":{"0":7,"1":7,"2":7,"3":7},"f":{},"b":{}}
,"/Users/selcuk/Documents/projects/react-native-photo-gallery-view/src/Assets/Styles/TopBarStyle.ts": {"path":"/Users/selcuk/Documents/projects/react-native-photo-gallery-view/src/Assets/Styles/TopBarStyle.ts","statementMap":{"0":{"start":{"line":1,"column":0},"end":{"line":1,"column":76}},"1":{"start":{"line":3,"column":0},"end":{"line":3,"column":35}},"2":{"start":{"line":5,"column":13},"end":{"line":22,"column":3}}},"fnMap":{},"branchMap":{},"s":{"0":7,"1":7,"2":7},"f":{},"b":{}}
,"/Users/selcuk/Documents/projects/react-native-photo-gallery-view/src/Assets/Styles/index.ts": {"path":"/Users/selcuk/Documents/projects/react-native-photo-gallery-view/src/Assets/Styles/index.ts","statementMap":{"0":{"start":{"line":1,"column":0},"end":{"line":1,"column":9}},"1":{"start":{"line":1,"column":9},"end":{"line":1,"column":50}},"2":{"start":{"line":2,"column":0},"end":{"line":2,"column":9}},"3":{"start":{"line":2,"column":9},"end":{"line":2,"column":52}},"4":{"start":{"line":3,"column":0},"end":{"line":3,"column":9}},"5":{"start":{"line":3,"column":9},"end":{"line":3,"column":48}},"6":{"start":{"line":4,"column":0},"end":{"line":4,"column":9}},"7":{"start":{"line":4,"column":9},"end":{"line":4,"column":50}},"8":{"start":{"line":5,"column":0},"end":{"line":5,"column":9}},"9":{"start":{"line":5,"column":9},"end":{"line":5,"column":56}},"10":{"start":{"line":6,"column":0},"end":{"line":6,"column":9}},"11":{"start":{"line":6,"column":9},"end":{"line":6,"column":62}}},"fnMap":{},"branchMap":{},"s":{"0":7,"1":7,"2":7,"3":7,"4":7,"5":7,"6":7,"7":7,"8":7,"9":7,"10":7,"11":7},"f":{},"b":{}}
,"/Users/selcuk/Documents/projects/react-native-photo-gallery-view/src/Components/AlbumComponent.tsx": {"path":"/Users/selcuk/Documents/projects/react-native-photo-gallery-view/src/Components/AlbumComponent.tsx","statementMap":{"0":{"start":{"line":2,"column":0},"end":{"line":2,"column":45}},"1":{"start":{"line":3,"column":0},"end":{"line":3,"column":99}},"2":{"start":{"line":7,"column":0},"end":{"line":7,"column":37}},"3":{"start":{"line":9,"column":0},"end":{"line":9,"column":31}},"4":{"start":{"line":14,"column":8},"end":{"line":14,"column":42}},"5":{"start":{"line":17,"column":2},"end":{"line":34,"column":null}},"6":{"start":{"line":21,"column":6},"end":{"line":29,"column":null}},"7":{"start":{"line":26,"column":41},"end":{"line":26,"column":69}},"8":{"start":{"line":27,"column":39},"end":{"line":27,"column":55}},"9":{"start":{"line":38,"column":135},"end":{"line":38,"column":147}},"10":{"start":{"line":40,"column":3},"end":{"line":47,"column":null}},"11":{"start":{"line":42,"column":20},"end":{"line":42,"column":44}},"12":{"start":{"line":50,"column":2},"end":{"line":58,"column":null}},"13":{"start":{"line":52,"column":19},"end":{"line":52,"column":46}},"14":{"start":{"line":53,"column":23},"end":{"line":53,"column":47}},"15":{"start":{"line":62,"column":59},"end":{"line":62,"column":71}},"16":{"start":{"line":63,"column":2},"end":{"line":65,"column":null}},"17":{"start":{"line":69,"column":23},"end":{"line":69,"column":35}},"18":{"start":{"line":70,"column":2},"end":{"line":70,"column":null}},"19":{"start":{"line":74,"column":32},"end":{"line":74,"column":44}},"20":{"start":{"line":78,"column":4},"end":{"line":78,"column":null}},"21":{"start":{"line":81,"column":3},"end":{"line":88,"column":null}},"22":{"start":{"line":90,"column":2},"end":{"line":90,"column":14}},"23":{"start":{"line":13,"column":8},"end":{"line":13,"column":29}},"24":{"start":{"line":11,"column":0},"end":{"line":11,"column":13}}},"fnMap":{"0":{"name":"(anonymous_0)","decl":{"start":{"line":11,"column":0},"end":{"line":11,"column":13}},"loc":{"start":{"line":11,"column":0},"end":{"line":92,"column":1}}},"1":{"name":"(anonymous_1)","decl":{"start":{"line":16,"column":8},"end":{"line":16,"column":14}},"loc":{"start":{"line":16,"column":14},"end":{"line":35,"column":2}}},"2":{"name":"(anonymous_2)","decl":{"start":{"line":20,"column":5},"end":{"line":20,"column":6}},"loc":{"start":{"line":21,"column":6},"end":{"line":29,"column":null}}},"3":{"name":"(anonymous_3)","decl":{"start":{"line":26,"column":20},"end":{"line":26,"column":21}},"loc":{"start":{"line":26,"column":41},"end":{"line":26,"column":69}}},"4":{"name":"(anonymous_4)","decl":{"start":{"line":27,"column":22},"end":{"line":27,"column":23}},"loc":{"start":{"line":27,"column":39},"end":{"line":27,"column":55}}},"5":{"name":"(anonymous_5)","decl":{"start":{"line":37,"column":8},"end":{"line":37,"column":18}},"loc":{"start":{"line":37,"column":50},"end":{"line":59,"column":2}}},"6":{"name":"(anonymous_6)","decl":{"start":{"line":42,"column":14},"end":{"line":42,"column":17}},"loc":{"start":{"line":42,"column":20},"end":{"line":42,"column":44}}},"7":{"name":"(anonymous_7)","decl":{"start":{"line":52,"column":13},"end":{"line":52,"column":16}},"loc":{"start":{"line":52,"column":19},"end":{"line":52,"column":46}}},"8":{"name":"(anonymous_8)","decl":{"start":{"line":53,"column":17},"end":{"line":53,"column":20}},"loc":{"start":{"line":53,"column":23},"end":{"line":53,"column":47}}},"9":{"name":"(anonymous_9)","decl":{"start":{"line":61,"column":8},"end":{"line":61,"column":23}},"loc":{"start":{"line":61,"column":55},"end":{"line":66,"column":2}}},"10":{"name":"(anonymous_10)","decl":{"start":{"line":68,"column":8},"end":{"line":68,"column":19}},"loc":{"start":{"line":68,"column":36},"end":{"line":71,"column":2}}},"11":{"name":"(anonymous_11)","decl":{"start":{"line":73,"column":8},"end":{"line":73,"column":17}},"loc":{"start":{"line":73,"column":34},"end":{"line":91,"column":2}}}},"branchMap":{"0":{"loc":{"start":{"line":43,"column":13},"end":{"line":43,"column":35}},"type":"binary-expr","locations":[{"start":{"line":43,"column":13},"end":{"line":43,"column":35}},{"start":{"line":43,"column":39},"end":{"line":43,"column":63}}]},"1":{"loc":{"start":{"line":45,"column":29},"end":{"line":45,"column":62}},"type":"cond-expr","locations":[{"start":{"line":45,"column":29},"end":{"line":45,"column":62}},{"start":{"line":45,"column":65},"end":{"line":45,"column":98}}]},"2":{"loc":{"start":{"line":55,"column":5},"end":{"line":55,"column":27}},"type":"binary-expr","locations":[{"start":{"line":55,"column":5},"end":{"line":55,"column":27}},{"start":{"line":55,"column":31},"end":{"line":55,"column":66}}]},"3":{"loc":{"start":{"line":56,"column":28},"end":{"line":56,"column":61}},"type":"cond-expr","locations":[{"start":{"line":56,"column":28},"end":{"line":56,"column":61}},{"start":{"line":56,"column":64},"end":{"line":56,"column":97}}]}},"s":{"0":3,"1":3,"2":3,"3":3,"4":30,"5":37,"6":29,"7":0,"8":0,"9":7,"10":3,"11":1,"12":4,"13":1,"14":1,"15":0,"16":0,"17":16,"18":16,"19":10,"20":2,"21":6,"22":2,"23":3,"24":3},"f":{"0":30,"1":37,"2":29,"3":0,"4":0,"5":7,"6":1,"7":1,"8":1,"9":0,"10":16,"11":10},"b":{"0":[3,3],"1":[3,0],"2":[4,4],"3":[4,0]}}
,"/Users/selcuk/Documents/projects/react-native-photo-gallery-view/src/Components/BlurImage.tsx": {"path":"/Users/selcuk/Documents/projects/react-native-photo-gallery-view/src/Components/BlurImage.tsx","statementMap":{"0":{"start":{"line":2,"column":0},"end":{"line":2,"column":44}},"1":{"start":{"line":3,"column":0},"end":{"line":3,"column":110}},"2":{"start":{"line":7,"column":0},"end":{"line":7,"column":41}},"3":{"start":{"line":8,"column":0},"end":{"line":8,"column":31}},"4":{"start":{"line":9,"column":0},"end":{"line":9,"column":35}},"5":{"start":{"line":10,"column":0},"end":{"line":10,"column":35}},"6":{"start":{"line":14,"column":8},"end":{"line":14,"column":46}},"7":{"start":{"line":15,"column":8},"end":{"line":15,"column":43}},"8":{"start":{"line":16,"column":8},"end":{"line":16,"column":43}},"9":{"start":{"line":18,"column":8},"end":{"line":18,"column":30}},"10":{"start":{"line":19,"column":8},"end":{"line":19,"column":30}},"11":{"start":{"line":20,"column":8},"end":{"line":20,"column":35}},"12":{"start":{"line":24,"column":1},"end":{"line":26,"column":null}},"13":{"start":{"line":29,"column":2},"end":{"line":37,"column":5}},"14":{"start":{"line":30,"column":45},"end":{"line":30,"column":49}},"15":{"start":{"line":34,"column":4},"end":{"line":34,"column":45}},"16":{"start":{"line":35,"column":4},"end":{"line":35,"column":45}},"17":{"start":{"line":41,"column":30},"end":{"line":41,"column":42}},"18":{"start":{"line":42,"column":22},"end":{"line":42,"column":52}},"19":{"start":{"line":49,"column":3},"end":{"line":49,"column":9}},"20":{"start":{"line":52,"column":4},"end":{"line":52,"column":29}},"21":{"start":{"line":54,"column":5},"end":{"line":54,"column":54}},"22":{"start":{"line":55,"column":13},"end":{"line":55,"column":31}},"23":{"start":{"line":56,"column":12},"end":{"line":56,"column":30}},"24":{"start":{"line":59,"column":4},"end":{"line":59,"column":28}},"25":{"start":{"line":61,"column":5},"end":{"line":61,"column":54}},"26":{"start":{"line":62,"column":13},"end":{"line":62,"column":31}},"27":{"start":{"line":63,"column":12},"end":{"line":63,"column":30}},"28":{"start":{"line":68,"column":2},"end":{"line":71,"column":13}},"29":{"start":{"line":75,"column":2},"end":{"line":82,"column":5}},"30":{"start":{"line":76,"column":3},"end":{"line":76,"column":null}},"31":{"start":{"line":78,"column":4},"end":{"line":80,"column":13}},"32":{"start":{"line":79,"column":5},"end":{"line":79,"column":33}},"33":{"start":{"line":86,"column":2},"end":{"line":98,"column":5}},"34":{"start":{"line":90,"column":4},"end":{"line":90,"column":45}},"35":{"start":{"line":92,"column":4},"end":{"line":92,"column":46}},"36":{"start":{"line":94,"column":3},"end":{"line":97,"column":14}},"37":{"start":{"line":103,"column":2},"end":{"line":105,"column":5}},"38":{"start":{"line":104,"column":3},"end":{"line":104,"column":64}},"39":{"start":{"line":109,"column":2},"end":{"line":109,"column":92}},"40":{"start":{"line":114,"column":2},"end":{"line":125,"column":null}},"41":{"start":{"line":117,"column":5},"end":{"line":120,"column":null}},"42":{"start":{"line":129,"column":2},"end":{"line":148,"column":null}},"43":{"start":{"line":22,"column":8},"end":{"line":22,"column":29}},"44":{"start":{"line":12,"column":0},"end":{"line":12,"column":13}}},"fnMap":{"0":{"name":"(anonymous_0)","decl":{"start":{"line":12,"column":0},"end":{"line":12,"column":13}},"loc":{"start":{"line":12,"column":0},"end":{"line":150,"column":1}}},"1":{"name":"(anonymous_1)","decl":{"start":{"line":28,"column":8},"end":{"line":28,"column":26}},"loc":{"start":{"line":28,"column":26},"end":{"line":38,"column":2}}},"2":{"name":"(anonymous_2)","decl":{"start":{"line":30,"column":39},"end":{"line":30,"column":42}},"loc":{"start":{"line":30,"column":45},"end":{"line":30,"column":49}}},"3":{"name":"(anonymous_3)","decl":{"start":{"line":33,"column":22},"end":{"line":33,"column":23}},"loc":{"start":{"line":33,"column":40},"end":{"line":36,"column":4}}},"4":{"name":"(anonymous_4)","decl":{"start":{"line":40,"column":8},"end":{"line":40,"column":29}},"loc":{"start":{"line":40,"column":51},"end":{"line":65,"column":2}}},"5":{"name":"(anonymous_5)","decl":{"start":{"line":67,"column":8},"end":{"line":67,"column":18}},"loc":{"start":{"line":67,"column":18},"end":{"line":72,"column":2}}},"6":{"name":"(anonymous_6)","decl":{"start":{"line":74,"column":8},"end":{"line":74,"column":23}},"loc":{"start":{"line":74,"column":48},"end":{"line":83,"column":2}}},"7":{"name":"(anonymous_7)","decl":{"start":{"line":75,"column":54},"end":{"line":75,"column":57}},"loc":{"start":{"line":75,"column":59},"end":{"line":82,"column":3}}},"8":{"name":"(anonymous_8)","decl":{"start":{"line":78,"column":15},"end":{"line":78,"column":18}},"loc":{"start":{"line":78,"column":20},"end":{"line":80,"column":5}}},"9":{"name":"(anonymous_9)","decl":{"start":{"line":85,"column":8},"end":{"line":85,"column":22}},"loc":{"start":{"line":85,"column":22},"end":{"line":100,"column":2}}},"10":{"name":"(anonymous_10)","decl":{"start":{"line":88,"column":5},"end":{"line":88,"column":8}},"loc":{"start":{"line":88,"column":10},"end":{"line":98,"column":3}}},"11":{"name":"(anonymous_11)","decl":{"start":{"line":102,"column":8},"end":{"line":102,"column":24}},"loc":{"start":{"line":102,"column":24},"end":{"line":106,"column":2}}},"12":{"name":"(anonymous_12)","decl":{"start":{"line":103,"column":35},"end":{"line":103,"column":38}},"loc":{"start":{"line":103,"column":40},"end":{"line":105,"column":3}}},"13":{"name":"(anonymous_13)","decl":{"start":{"line":108,"column":8},"end":{"line":108,"column":19}},"loc":{"start":{"line":108,"column":19},"end":{"line":110,"column":2}}},"14":{"name":"(anonymous_14)","decl":{"start":{"line":112,"column":8},"end":{"line":112,"column":14}},"loc":{"start":{"line":112,"column":14},"end":{"line":126,"column":2}}},"15":{"name":"(anonymous_15)","decl":{"start":{"line":116,"column":5},"end":{"line":116,"column":6}},"loc":{"start":{"line":117,"column":5},"end":{"line":120,"column":null}}},"16":{"name":"(anonymous_16)","decl":{"start":{"line":128,"column":8},"end":{"line":128,"column":21}},"loc":{"start":{"line":128,"column":21},"end":{"line":149,"column":2}}}},"branchMap":{"0":{"loc":{"start":{"line":44,"column":21},"end":{"line":44,"column":32}},"type":"cond-expr","locations":[{"start":{"line":44,"column":21},"end":{"line":44,"column":32}},{"start":{"line":44,"column":35},"end":{"line":44,"column":47}}]},"1":{"loc":{"start":{"line":48,"column":6},"end":{"line":48,"column":14}},"type":"binary-expr","locations":[{"start":{"line":48,"column":6},"end":{"line":48,"column":14}},{"start":{"line":48,"column":18},"end":{"line":48,"column":26}}]},"2":{"loc":{"start":{"line":53,"column":8},"end":{"line":53,"column":17}},"type":"binary-expr","locations":[{"start":{"line":53,"column":8},"end":{"line":53,"column":17}},{"start":{"line":53,"column":21},"end":{"line":53,"column":44}}]},"3":{"loc":{"start":{"line":58,"column":7},"end":{"line":58,"column":22}},"type":"binary-expr","locations":[{"start":{"line":58,"column":7},"end":{"line":58,"column":22}},{"start":{"line":58,"column":26},"end":{"line":58,"column":55}}]},"4":{"loc":{"start":{"line":60,"column":8},"end":{"line":60,"column":17}},"type":"binary-expr","locations":[{"start":{"line":60,"column":8},"end":{"line":60,"column":17}},{"start":{"line":60,"column":21},"end":{"line":60,"column":45}}]},"5":{"loc":{"start":{"line":118,"column":7},"end":{"line":118,"column":25}},"type":"binary-expr","locations":[{"start":{"line":118,"column":7},"end":{"line":118,"column":25}},{"start":{"line":118,"column":29},"end":{"line":118,"column":80}}]},"6":{"loc":{"start":{"line":120,"column":35},"end":{"line":120,"column":53}},"type":"cond-expr","locations":[{"start":{"line":120,"column":35},"end":{"line":120,"column":53}},{"start":{"line":120,"column":56},"end":{"line":120,"column":76}}]}},"s":{"0":3,"1":3,"2":3,"3":3,"4":3,"5":3,"6":10,"7":10,"8":10,"9":10,"10":10,"11":10,"12":10,"13":10,"14":0,"15":0,"16":0,"17":0,"18":0,"19":0,"20":0,"21":0,"22":0,"23":0,"24":0,"25":0,"26":0,"27":0,"28":1,"29":0,"30":0,"31":0,"32":0,"33":1,"34":1,"35":0,"36":1,"37":1,"38":1,"39":2,"40":12,"41":11,"42":10,"43":3,"44":3},"f":{"0":10,"1":10,"2":0,"3":0,"4":0,"5":1,"6":0,"7":0,"8":0,"9":1,"10":1,"11":1,"12":1,"13":2,"14":12,"15":11,"16":10},"b":{"0":[0,0],"1":[0,0],"2":[0,0],"3":[0,0],"4":[0,0],"5":[11,10],"6":[1,10]}}
,"/Users/selcuk/Documents/projects/react-native-photo-gallery-view/src/Components/DetailComponent.tsx": {"path":"/Users/selcuk/Documents/projects/react-native-photo-gallery-view/src/Components/DetailComponent.tsx","statementMap":{"0":{"start":{"line":2,"column":0},"end":{"line":2,"column":44}},"1":{"start":{"line":5,"column":0},"end":{"line":5,"column":31}},"2":{"start":{"line":7,"column":0},"end":{"line":7,"column":40}},"3":{"start":{"line":14,"column":2},"end":{"line":28,"column":null}},"4":{"start":{"line":18,"column":6},"end":{"line":23,"column":null}},"5":{"start":{"line":11,"column":8},"end":{"line":11,"column":29}},"6":{"start":{"line":9,"column":0},"end":{"line":9,"column":13}}},"fnMap":{"0":{"name":"(anonymous_0)","decl":{"start":{"line":13,"column":8},"end":{"line":13,"column":14}},"loc":{"start":{"line":13,"column":14},"end":{"line":29,"column":2}}},"1":{"name":"(anonymous_1)","decl":{"start":{"line":17,"column":5},"end":{"line":17,"column":6}},"loc":{"start":{"line":18,"column":6},"end":{"line":23,"column":null}}}},"branchMap":{"0":{"loc":{"start":{"line":22,"column":22},"end":{"line":22,"column":42}},"type":"binary-expr","locations":[{"start":{"line":22,"column":22},"end":{"line":22,"column":42}},{"start":{"line":22,"column":46},"end":{"line":22,"column":75}}]},"1":{"loc":{"start":{"line":23,"column":25},"end":{"line":23,"column":45}},"type":"binary-expr","locations":[{"start":{"line":23,"column":25},"end":{"line":23,"column":45}},{"start":{"line":23,"column":49},"end":{"line":23,"column":79}}]}},"s":{"0":2,"1":2,"2":2,"3":3,"4":3,"5":2,"6":2},"f":{"0":3,"1":3},"b":{"0":[3,2],"1":[3,2]}}
,"/Users/selcuk/Documents/projects/react-native-photo-gallery-view/src/Components/FooterComponent.tsx": {"path":"/Users/selcuk/Documents/projects/react-native-photo-gallery-view/src/Components/FooterComponent.tsx","statementMap":{"0":{"start":{"line":2,"column":0},"end":{"line":2,"column":45}},"1":{"start":{"line":3,"column":0},"end":{"line":3,"column":36}},"2":{"start":{"line":6,"column":0},"end":{"line":6,"column":38}},"3":{"start":{"line":8,"column":0},"end":{"line":8,"column":31}},"4":{"start":{"line":9,"column":0},"end":{"line":9,"column":35}},"5":{"start":{"line":16,"column":2},"end":{"line":23,"column":null}},"6":{"start":{"line":19,"column":49},"end":{"line":19,"column":104}},"7":{"start":{"line":27,"column":67},"end":{"line":27,"column":79}},"8":{"start":{"line":29,"column":3},"end":{"line":33,"column":null}},"9":{"start":{"line":35,"column":2},"end":{"line":35,"column":14}},"10":{"start":{"line":39,"column":68},"end":{"line":39,"column":80}},"11":{"start":{"line":41,"column":3},"end":{"line":45,"column":null}},"12":{"start":{"line":47,"column":2},"end":{"line":47,"column":14}},"13":{"start":{"line":13,"column":8},"end":{"line":13,"column":29}},"14":{"start":{"line":11,"column":0},"end":{"line":11,"column":13}}},"fnMap":{"0":{"name":"(anonymous_0)","decl":{"start":{"line":15,"column":8},"end":{"line":15,"column":14}},"loc":{"start":{"line":15,"column":14},"end":{"line":24,"column":2}}},"1":{"name":"(anonymous_1)","decl":{"start":{"line":19,"column":5},"end":{"line":19,"column":6}},"loc":{"start":{"line":19,"column":49},"end":{"line":19,"column":104}}},"2":{"name":"(anonymous_2)","decl":{"start":{"line":26,"column":8},"end":{"line":26,"column":26}},"loc":{"start":{"line":26,"column":26},"end":{"line":36,"column":2}}},"3":{"name":"(anonymous_3)","decl":{"start":{"line":38,"column":8},"end":{"line":38,"column":27}},"loc":{"start":{"line":38,"column":27},"end":{"line":48,"column":2}}}},"branchMap":{"0":{"loc":{"start":{"line":28,"column":6},"end":{"line":28,"column":24}},"type":"binary-expr","locations":[{"start":{"line":28,"column":6},"end":{"line":28,"column":24}},{"start":{"line":28,"column":28},"end":{"line":28,"column":48}},{"start":{"line":28,"column":52},"end":{"line":28,"column":63}}]},"1":{"loc":{"start":{"line":40,"column":6},"end":{"line":40,"column":25}},"type":"binary-expr","locations":[{"start":{"line":40,"column":6},"end":{"line":40,"column":25}},{"start":{"line":40,"column":29},"end":{"line":40,"column":48}},{"start":{"line":40,"column":52},"end":{"line":40,"column":64}}]}},"s":{"0":3,"1":3,"2":3,"3":3,"4":3,"5":26,"6":26,"7":27,"8":2,"9":25,"10":27,"11":22,"12":5,"13":3,"14":3},"f":{"0":26,"1":26,"2":27,"3":27},"b":{"0":[27,27,2],"1":[27,27,26]}}
,"/Users/selcuk/Documents/projects/react-native-photo-gallery-view/src/Components/GalleryComponent.tsx": {"path":"/Users/selcuk/Documents/projects/react-native-photo-gallery-view/src/Components/GalleryComponent.tsx","statementMap":{"0":{"start":{"line":2,"column":0},"end":{"line":2,"column":40}},"1":{"start":{"line":3,"column":0},"end":{"line":3,"column":70}},"2":{"start":{"line":6,"column":0},"end":{"line":6,"column":110}},"3":{"start":{"line":8,"column":0},"end":{"line":8,"column":39}},"4":{"start":{"line":9,"column":0},"end":{"line":9,"column":31}},"5":{"start":{"line":11,"column":26},"end":{"line":11,"column":50}},"6":{"start":{"line":16,"column":2},"end":{"line":16,"column":15}},"7":{"start":{"line":17,"column":2},"end":{"line":37,"column":null}},"8":{"start":{"line":39,"column":2},"end":{"line":39,"column":null}},"9":{"start":{"line":54,"column":6},"end":{"line":54,"column":16}},"10":{"start":{"line":55,"column":41},"end":{"line":55,"column":51}},"11":{"start":{"line":56,"column":2},"end":{"line":71,"column":null}},"12":{"start":{"line":59,"column":44},"end":{"line":59,"column":57}},"13":{"start":{"line":60,"column":30},"end":{"line":60,"column":65}},"14":{"start":{"line":75,"column":20},"end":{"line":75,"column":30}},"15":{"start":{"line":76,"column":2},"end":{"line":81,"column":5}},"16":{"start":{"line":85,"column":20},"end":{"line":85,"column":30}},"17":{"start":{"line":86,"column":2},"end":{"line":90,"column":5}},"18":{"start":{"line":95,"column":3},"end":{"line":97,"column":null}},"19":{"start":{"line":102,"column":2},"end":{"line":102,"column":73}},"20":{"start":{"line":106,"column":2},"end":{"line":106,"column":76}},"21":{"start":{"line":110,"column":2},"end":{"line":110,"column":24}},"22":{"start":{"line":111,"column":2},"end":{"line":111,"column":14}},"23":{"start":{"line":115,"column":22},"end":{"line":115,"column":32}},"24":{"start":{"line":116,"column":26},"end":{"line":116,"column":36}},"25":{"start":{"line":118,"column":3},"end":{"line":118,"column":13}},"26":{"start":{"line":122,"column":3},"end":{"line":122,"column":21}},"27":{"start":{"line":127,"column":2},"end":{"line":130,"column":5}},"28":{"start":{"line":134,"column":2},"end":{"line":137,"column":5}},"29":{"start":{"line":141,"column":2},"end":{"line":147,"column":5}},"30":{"start":{"line":151,"column":27},"end":{"line":151,"column":37}},"31":{"start":{"line":152,"column":23},"end":{"line":152,"column":33}},"32":{"start":{"line":155,"column":3},"end":{"line":155,"column":26}},"33":{"start":{"line":156,"column":3},"end":{"line":156,"column":29}},"34":{"start":{"line":160,"column":3},"end":{"line":160,"column":26}},"35":{"start":{"line":161,"column":3},"end":{"line":161,"column":26}},"36":{"start":{"line":163,"column":3},"end":{"line":163,"column":49}},"37":{"start":{"line":166,"column":2},"end":{"line":168,"column":5}},"38":{"start":{"line":42,"column":8},"end":{"line":49,"column":null}},"39":{"start":{"line":13,"column":0},"end":{"line":13,"column":13}}},"fnMap":{"0":{"name":"(anonymous_0)","decl":{"start":{"line":15,"column":1},"end":{"line":15,"column":13}},"loc":{"start":{"line":15,"column":33},"end":{"line":40,"column":2}}},"1":{"name":"(anonymous_1)","decl":{"start":{"line":51,"column":8},"end":{"line":51,"column":14}},"loc":{"start":{"line":51,"column":14},"end":{"line":72,"column":2}}},"2":{"name":"(anonymous_2)","decl":{"start":{"line":59,"column":38},"end":{"line":59,"column":41}},"loc":{"start":{"line":59,"column":44},"end":{"line":59,"column":57}}},"3":{"name":"(anonymous_3)","decl":{"start":{"line":60,"column":24},"end":{"line":60,"column":27}},"loc":{"start":{"line":60,"column":30},"end":{"line":60,"column":65}}},"4":{"name":"(anonymous_4)","decl":{"start":{"line":74,"column":8},"end":{"line":74,"column":22}},"loc":{"start":{"line":74,"column":55},"end":{"line":82,"column":2}}},"5":{"name":"(anonymous_5)","decl":{"start":{"line":84,"column":8},"end":{"line":84,"column":19}},"loc":{"start":{"line":84,"column":33},"end":{"line":91,"column":2}}},"6":{"name":"(anonymous_6)","decl":{"start":{"line":93,"column":8},"end":{"line":93,"column":33}},"loc":{"start":{"line":93,"column":43},"end":{"line":99,"column":2}}},"7":{"name":"(anonymous_7)","decl":{"start":{"line":101,"column":8},"end":{"line":101,"column":25}},"loc":{"start":{"line":101,"column":25},"end":{"line":103,"column":2}}},"8":{"name":"(anonymous_8)","decl":{"start":{"line":105,"column":8},"end":{"line":105,"column":28}},"loc":{"start":{"line":105,"column":28},"end":{"line":107,"column":2}}},"9":{"name":"(anonymous_9)","decl":{"start":{"line":109,"column":8},"end":{"line":109,"column":22}},"loc":{"start":{"line":109,"column":22},"end":{"line":112,"column":2}}},"10":{"name":"(anonymous_10)","decl":{"start":{"line":114,"column":8},"end":{"line":114,"column":22}},"loc":{"start":{"line":114,"column":22},"end":{"line":124,"column":2}}},"11":{"name":"(anonymous_11)","decl":{"start":{"line":126,"column":8},"end":{"line":126,"column":19}},"loc":{"start":{"line":126,"column":51},"end":{"line":131,"column":2}}},"12":{"name":"(anonymous_12)","decl":{"start":{"line":133,"column":8},"end":{"line":133,"column":19}},"loc":{"start":{"line":133,"column":19},"end":{"line":138,"column":2}}},"13":{"name":"(anonymous_13)","decl":{"start":{"line":140,"column":8},"end":{"line":140,"column":18}},"loc":{"start":{"line":140,"column":18},"end":{"line":148,"column":2}}},"14":{"name":"(anonymous_14)","decl":{"start":{"line":150,"column":8},"end":{"line":150,"column":19}},"loc":{"start":{"line":150,"column":51},"end":{"line":169,"column":2}}}},"branchMap":{"0":{"loc":{"start":{"line":60,"column":30},"end":{"line":60,"column":43}},"type":"binary-expr","locations":[{"start":{"line":60,"column":30},"end":{"line":60,"column":43}},{"start":{"line":60,"column":47},"end":{"line":60,"column":65}}]},"1":{"loc":{"start":{"line":65,"column":6},"end":{"line":65,"column":18}},"type":"binary-expr","locations":[{"start":{"line":65,"column":6},"end":{"line":65,"column":18}},{"start":{"line":65,"column":22},"end":{"line":65,"column":40}}]},"2":{"loc":{"start":{"line":66,"column":6},"end":{"line":66,"column":17}},"type":"binary-expr","locations":[{"start":{"line":66,"column":6},"end":{"line":66,"column":17}},{"start":{"line":66,"column":21},"end":{"line":66,"column":40}}]},"3":{"loc":{"start":{"line":68,"column":6},"end":{"line":68,"column":19}},"type":"binary-expr","locations":[{"start":{"line":68,"column":6},"end":{"line":68,"column":19}},{"start":{"line":68,"column":23},"end":{"line":68,"column":39}}]},"4":{"loc":{"start":{"line":117,"column":6},"end":{"line":117,"column":13}},"type":"binary-expr","locations":[{"start":{"line":117,"column":6},"end":{"line":117,"column":13}},{"start":{"line":117,"column":17},"end":{"line":117,"column":29}}]}},"s":{"0":2,"1":2,"2":2,"3":2,"4":2,"5":2,"6":29,"7":29,"8":29,"9":47,"10":47,"11":47,"12":0,"13":0,"14":1,"15":1,"16":1,"17":1,"18":0,"19":29,"20":1,"21":2,"22":2,"23":4,"24":4,"25":4,"26":0,"27":1,"28":1,"29":1,"30":2,"31":2,"32":2,"33":2,"34":2,"35":2,"36":0,"37":2,"38":2,"39":2},"f":{"0":29,"1":47,"2":0,"3":0,"4":1,"5":1,"6":2,"7":29,"8":1,"9":2,"10":4,"11":1,"12":1,"13":1,"14":2},"b":{"0":[0,0],"1":[47,42],"2":[47,5],"3":[47,3],"4":[4,4]}}
,"/Users/selcuk/Documents/projects/react-native-photo-gallery-view/src/Components/PreviewModalComponent.tsx": {"path":"/Users/selcuk/Documents/projects/react-native-photo-gallery-view/src/Components/PreviewModalComponent.tsx","statementMap":{"0":{"start":{"line":2,"column":0},"end":{"line":2,"column":44}},"1":{"start":{"line":3,"column":0},"end":{"line":3,"column":92}},"2":{"start":{"line":6,"column":0},"end":{"line":6,"column":31}},"3":{"start":{"line":8,"column":0},"end":{"line":8,"column":44}},"4":{"start":{"line":9,"column":0},"end":{"line":9,"column":35}},"5":{"start":{"line":10,"column":0},"end":{"line":10,"column":35}},"6":{"start":{"line":16,"column":8},"end":{"line":16,"column":38}},"7":{"start":{"line":17,"column":8},"end":{"line":17,"column":40}},"8":{"start":{"line":18,"column":8},"end":{"line":18,"column":45}},"9":{"start":{"line":19,"column":8},"end":{"line":19,"column":47}},"10":{"start":{"line":22,"column":2},"end":{"line":25,"column":13}},"11":{"start":{"line":28,"column":2},"end":{"line":31,"column":13}},"12":{"start":{"line":35,"column":2},"end":{"line":54,"column":null}},"13":{"start":{"line":58,"column":2},"end":{"line":73,"column":null}},"14":{"start":{"line":68,"column":22},"end":{"line":68,"column":38}},"15":{"start":{"line":77,"column":2},"end":{"line":95,"column":null}},"16":{"start":{"line":80,"column":5},"end":{"line":91,"column":null}},"17":{"start":{"line":14,"column":8},"end":{"line":14,"column":29}},"18":{"start":{"line":12,"column":0},"end":{"line":12,"column":13}}},"fnMap":{"0":{"name":"(anonymous_0)","decl":{"start":{"line":12,"column":0},"end":{"line":12,"column":13}},"loc":{"start":{"line":12,"column":0},"end":{"line":97,"column":1}}},"1":{"name":"(anonymous_1)","decl":{"start":{"line":21,"column":8},"end":{"line":21,"column":26}},"loc":{"start":{"line":21,"column":26},"end":{"line":26,"column":2}}},"2":{"name":"(anonymous_2)","decl":{"start":{"line":27,"column":8},"end":{"line":27,"column":17}},"loc":{"start":{"line":27,"column":17},"end":{"line":32,"column":2}}},"3":{"name":"(anonymous_3)","decl":{"start":{"line":34,"column":8},"end":{"line":34,"column":26}},"loc":{"start":{"line":34,"column":26},"end":{"line":55,"column":2}}},"4":{"name":"(anonymous_4)","decl":{"start":{"line":57,"column":8},"end":{"line":57,"column":19}},"loc":{"start":{"line":57,"column":19},"end":{"line":74,"column":2}}},"5":{"name":"(anonymous_5)","decl":{"start":{"line":68,"column":16},"end":{"line":68,"column":19}},"loc":{"start":{"line":68,"column":22},"end":{"line":68,"column":38}}},"6":{"name":"(anonymous_6)","decl":{"start":{"line":76,"column":8},"end":{"line":76,"column":14}},"loc":{"start":{"line":76,"column":14},"end":{"line":96,"column":2}}},"7":{"name":"(anonymous_7)","decl":{"start":{"line":79,"column":5},"end":{"line":79,"column":6}},"loc":{"start":{"line":80,"column":5},"end":{"line":91,"column":null}}}},"branchMap":{"0":{"loc":{"start":{"line":50,"column":7},"end":{"line":50,"column":60}},"type":"cond-expr","locations":[{"start":{"line":50,"column":7},"end":{"line":50,"column":60}},{"start":{"line":50,"column":63},"end":{"line":50,"column":81}}]},"1":{"loc":{"start":{"line":64,"column":40},"end":{"line":64,"column":42}},"type":"cond-expr","locations":[{"start":{"line":64,"column":40},"end":{"line":64,"column":42}},{"start":{"line":64,"column":45},"end":{"line":64,"column":46}}]},"2":{"loc":{"start":{"line":86,"column":42},"end":{"line":86,"column":44}},"type":"cond-expr","locations":[{"start":{"line":86,"column":42},"end":{"line":86,"column":44}},{"start":{"line":86,"column":47},"end":{"line":86,"column":49}}]}},"s":{"0":3,"1":3,"2":3,"3":3,"4":3,"5":3,"6":4,"7":4,"8":4,"9":4,"10":4,"11":1,"12":4,"13":1,"14":0,"15":4,"16":4,"17":3,"18":3},"f":{"0":4,"1":4,"2":1,"3":4,"4":1,"5":0,"6":4,"7":4},"b":{"0":[3,1],"1":[1,0],"2":[4,0]}}
,"/Users/selcuk/Documents/projects/react-native-photo-gallery-view/src/Components/TopBarComponent.tsx": {"path":"/Users/selcuk/Documents/projects/react-native-photo-gallery-view/src/Components/TopBarComponent.tsx","statementMap":{"0":{"start":{"line":2,"column":0},"end":{"line":2,"column":41}},"1":{"start":{"line":3,"column":0},"end":{"line":3,"column":85}},"2":{"start":{"line":6,"column":0},"end":{"line":6,"column":38}},"3":{"start":{"line":8,"column":0},"end":{"line":8,"column":31}},"4":{"start":{"line":9,"column":0},"end":{"line":9,"column":35}},"5":{"start":{"line":10,"column":0},"end":{"line":10,"column":35}},"6":{"start":{"line":15,"column":8},"end":{"line":15,"column":56}},"7":{"start":{"line":18,"column":2},"end":{"line":31,"column":null}},"8":{"start":{"line":22,"column":6},"end":{"line":26,"column":null}},"9":{"start":{"line":35,"column":2},"end":{"line":35,"column":59}},"10":{"start":{"line":39,"column":44},"end":{"line":39,"column":56}},"11":{"start":{"line":41,"column":3},"end":{"line":41,"column":null}},"12":{"start":{"line":43,"column":2},"end":{"line":43,"column":null}},"13":{"start":{"line":47,"column":110},"end":{"line":47,"column":122}},"14":{"start":{"line":50,"column":3},"end":{"line":50,"column":null}},"15":{"start":{"line":52,"column":2},"end":{"line":52,"column":null}},"16":{"start":{"line":56,"column":31},"end":{"line":56,"column":43}},"17":{"start":{"line":58,"column":3},"end":{"line":58,"column":null}},"18":{"start":{"line":61,"column":2},"end":{"line":65,"column":null}},"19":{"start":{"line":62,"column":77},"end":{"line":62,"column":106}},"20":{"start":{"line":14,"column":8},"end":{"line":14,"column":29}},"21":{"start":{"line":12,"column":0},"end":{"line":12,"column":13}}},"fnMap":{"0":{"name":"(anonymous_0)","decl":{"start":{"line":12,"column":0},"end":{"line":12,"column":13}},"loc":{"start":{"line":12,"column":0},"end":{"line":67,"column":1}}},"1":{"name":"(anonymous_1)","decl":{"start":{"line":17,"column":8},"end":{"line":17,"column":14}},"loc":{"start":{"line":17,"column":14},"end":{"line":32,"column":2}}},"2":{"name":"(anonymous_2)","decl":{"start":{"line":21,"column":5},"end":{"line":21,"column":6}},"loc":{"start":{"line":22,"column":6},"end":{"line":26,"column":null}}},"3":{"name":"(anonymous_3)","decl":{"start":{"line":34,"column":8},"end":{"line":34,"column":25}},"loc":{"start":{"line":34,"column":25},"end":{"line":36,"column":2}}},"4":{"name":"(anonymous_4)","decl":{"start":{"line":38,"column":8},"end":{"line":38,"column":19}},"loc":{"start":{"line":38,"column":19},"end":{"line":44,"column":2}}},"5":{"name":"(anonymous_5)","decl":{"start":{"line":46,"column":8},"end":{"line":46,"column":16}},"loc":{"start":{"line":46,"column":16},"end":{"line":53,"column":2}}},"6":{"name":"(anonymous_6)","decl":{"start":{"line":55,"column":8},"end":{"line":55,"column":24}},"loc":{"start":{"line":55,"column":24},"end":{"line":66,"column":2}}},"7":{"name":"(anonymous_7)","decl":{"start":{"line":62,"column":71},"end":{"line":62,"column":74}},"loc":{"start":{"line":62,"column":77},"end":{"line":62,"column":106}}}},"branchMap":{"0":{"loc":{"start":{"line":40,"column":6},"end":{"line":40,"column":14}},"type":"binary-expr","locations":[{"start":{"line":40,"column":6},"end":{"line":40,"column":14}},{"start":{"line":40,"column":18},"end":{"line":40,"column":37}}]},"1":{"loc":{"start":{"line":41,"column":32},"end":{"line":41,"column":68}},"type":"cond-expr","locations":[{"start":{"line":41,"column":32},"end":{"line":41,"column":68}}]},"2":{"loc":{"start":{"line":50,"column":33},"end":{"line":50,"column":83}},"type":"cond-expr","locations":[{"start":{"line":50,"column":33},"end":{"line":50,"column":83}},{"start":{"line":50,"column":86},"end":{"line":50,"column":112}}]},"3":{"loc":{"start":{"line":52,"column":33},"end":{"line":52,"column":68}},"type":"cond-expr","locations":[{"start":{"line":52,"column":33},"end":{"line":52,"column":68}},{"start":{"line":52,"column":71},"end":{"line":52,"column":91}}]}},"s":{"0":3,"1":3,"2":3,"3":3,"4":3,"5":3,"6":19,"7":26,"8":26,"9":19,"10":32,"11":4,"12":28,"13":28,"14":3,"15":25,"16":30,"17":23,"18":7,"19":1,"20":3,"21":3},"f":{"0":19,"1":26,"2":26,"3":19,"4":32,"5":28,"6":30,"7":1},"b":{"0":[32,32],"1":[3],"2":[2,1],"3":[21,4]}}
,"/Users/selcuk/Documents/projects/react-native-photo-gallery-view/src/Components/index.ts": {"path":"/Users/selcuk/Documents/projects/react-native-photo-gallery-view/src/Components/index.ts","statementMap":{"0":{"start":{"line":1,"column":0},"end":{"line":1,"column":9}},"1":{"start":{"line":1,"column":9},"end":{"line":1,"column":64}},"2":{"start":{"line":2,"column":0},"end":{"line":2,"column":9}},"3":{"start":{"line":2,"column":9},"end":{"line":2,"column":62}},"4":{"start":{"line":3,"column":0},"end":{"line":3,"column":9}},"5":{"start":{"line":3,"column":9},"end":{"line":3,"column":62}},"6":{"start":{"line":4,"column":0},"end":{"line":4,"column":9}},"7":{"start":{"line":4,"column":9},"end":{"line":4,"column":60}},"8":{"start":{"line":5,"column":0},"end":{"line":5,"column":9}},"9":{"start":{"line":5,"column":9},"end":{"line":5,"column":50}},"10":{"start":{"line":6,"column":0},"end":{"line":6,"column":9}},"11":{"start":{"line":6,"column":9},"end":{"line":6,"column":62}},"12":{"start":{"line":7,"column":0},"end":{"line":7,"column":9}},"13":{"start":{"line":7,"column":9},"end":{"line":7,"column":65}}},"fnMap":{},"branchMap":{},"s":{"0":2,"1":2,"2":2,"3":2,"4":2,"5":2,"6":2,"7":2,"8":2,"9":2,"10":2,"11":2,"12":2,"13":2},"f":{},"b":{}}
,"/Users/selcuk/Documents/projects/react-native-photo-gallery-view/src/Constants/index.ts": {"path":"/Users/selcuk/Documents/projects/react-native-photo-gallery-view/src/Constants/index.ts","statementMap":{"0":{"start":{"line":1,"column":0},"end":{"line":1,"column":null}},"1":{"start":{"line":2,"column":14},"end":{"line":2,"column":26}},"2":{"start":{"line":3,"column":14},"end":{"line":3,"column":30}},"3":{"start":{"line":4,"column":14},"end":{"line":7,"column":null}},"4":{"start":{"line":8,"column":14},"end":{"line":11,"column":null}},"5":{"start":{"line":12,"column":14},"end":{"line":15,"column":null}},"6":{"start":{"line":16,"column":14},"end":{"line":19,"column":null}}},"fnMap":{"0":{"name":"(anonymous_0)","decl":{"start":{"line":1,"column":0},"end":{"line":1,"column":14}},"loc":{"start":{"line":1,"column":19},"end":{"line":20,"column":1}}}},"branchMap":{"0":{"loc":{"start":{"line":1,"column":14},"end":{"line":1,"column":19}},"type":"binary-expr","locations":[{"start":{"line":1,"column":14},"end":{"line":1,"column":19}},{"start":{"line":1,"column":14},"end":{"line":1,"column":null}}]}},"s":{"0":7,"1":7,"2":7,"3":7,"4":7,"5":7,"6":7},"f":{"0":7},"b":{"0":[7,7]}}
,"/Users/selcuk/Documents/projects/react-native-photo-gallery-view/src/Helpers/Animate.ts": {"path":"/Users/selcuk/Documents/projects/react-native-photo-gallery-view/src/Helpers/Animate.ts","statementMap":{"0":{"start":{"line":1,"column":0},"end":{"line":1,"column":40}},"1":{"start":{"line":3,"column":0},"end":{"line":3,"column":null}},"2":{"start":{"line":4,"column":14},"end":{"line":4,"column":101}},"3":{"start":{"line":4,"column":41},"end":{"line":4,"column":100}},"4":{"start":{"line":5,"column":14},"end":{"line":5,"column":101}},"5":{"start":{"line":5,"column":41},"end":{"line":5,"column":100}},"6":{"start":{"line":6,"column":14},"end":{"line":6,"column":67}},"7":{"start":{"line":6,"column":39},"end":{"line":6,"column":66}}},"fnMap":{"0":{"name":"(anonymous_0)","decl":{"start":{"line":3,"column":0},"end":{"line":3,"column":14}},"loc":{"start":{"line":3,"column":21},"end":{"line":7,"column":1}}},"1":{"name":"(anonymous_1)","decl":{"start":{"line":4,"column":23},"end":{"line":4,"column":24}},"loc":{"start":{"line":4,"column":41},"end":{"line":4,"column":100}}},"2":{"name":"(anonymous_2)","decl":{"start":{"line":5,"column":23},"end":{"line":5,"column":24}},"loc":{"start":{"line":5,"column":41},"end":{"line":5,"column":100}}},"3":{"name":"(anonymous_3)","decl":{"start":{"line":6,"column":25},"end":{"line":6,"column":26}},"loc":{"start":{"line":6,"column":39},"end":{"line":6,"column":66}}}},"branchMap":{"0":{"loc":{"start":{"line":3,"column":14},"end":{"line":3,"column":21}},"type":"binary-expr","locations":[{"start":{"line":3,"column":14},"end":{"line":3,"column":21}},{"start":{"line":3,"column":14},"end":{"line":3,"column":null}}]}},"s":{"0":5,"1":5,"2":5,"3":28,"4":5,"5":5,"6":5,"7":6},"f":{"0":5,"1":28,"2":5,"3":6},"b":{"0":[5,5]}}
,"/Users/selcuk/Documents/projects/react-native-photo-gallery-view/src/Helpers/index.ts": {"path":"/Users/selcuk/Documents/projects/react-native-photo-gallery-view/src/Helpers/index.ts","statementMap":{"0":{"start":{"line":1,"column":0},"end":{"line":1,"column":9}},"1":{"start":{"line":1,"column":9},"end":{"line":1,"column":42}}},"fnMap":{},"branchMap":{},"s":{"0":5,"1":5},"f":{},"b":{}}
,"/Users/selcuk/Documents/projects/react-native-photo-gallery-view/src/Provider/index.ts": {"path":"/Users/selcuk/Documents/projects/react-native-photo-gallery-view/src/Provider/index.ts","statementMap":{"0":{"start":{"line":2,"column":0},"end":{"line":2,"column":31}},"1":{"start":{"line":4,"column":15},"end":{"line":7,"column":2}},"2":{"start":{"line":9,"column":0},"end":{"line":9,"column":22}}},"fnMap":{},"branchMap":{},"s":{"0":7,"1":7,"2":7},"f":{},"b":{}}
}
