TN:
SF:/Users/selcuk/Documents/projects/react-native-photo-gallery-view/src/Assets/Images/back.png
FNF:0
FNH:0
DA:1,1
LF:1
LH:1
BRF:0
BRH:0
end_of_record
TN:
SF:/Users/selcuk/Documents/projects/react-native-photo-gallery-view/src/Assets/Images/checked.png
FNF:0
FNH:0
DA:1,1
LF:1
LH:1
BRF:0
BRH:0
end_of_record
TN:
SF:/Users/selcuk/Documents/projects/react-native-photo-gallery-view/src/Assets/Images/radius-bg.png
FNF:0
FNH:0
DA:1,2
LF:1
LH:1
BRF:0
BRH:0
end_of_record
TN:
SF:/Users/selcuk/Documents/projects/react-native-photo-gallery-view/src/Assets/Styles/AlbumStyle.ts
FNF:0
FNH:0
DA:1,7
DA:3,7
DA:5,7
LF:3
LH:3
BRF:0
BRH:0
end_of_record
TN:
SF:/Users/selcuk/Documents/projects/react-native-photo-gallery-view/src/Assets/Styles/BlurImageStyle.ts
FNF:0
FNH:0
DA:2,7
DA:4,7
LF:2
LH:2
BRF:0
BRH:0
end_of_record
TN:
SF:/Users/selcuk/Documents/projects/react-native-photo-gallery-view/src/Assets/Styles/FooterStyle.ts
FNF:0
FNH:0
DA:1,7
DA:3,7
LF:2
LH:2
BRF:0
BRH:0
end_of_record
TN:
SF:/Users/selcuk/Documents/projects/react-native-photo-gallery-view/src/Assets/Styles/GalleryStyle.ts
FNF:0
FNH:0
DA:1,7
DA:3,7
LF:2
LH:2
BRF:0
BRH:0
end_of_record
TN:
SF:/Users/selcuk/Documents/projects/react-native-photo-gallery-view/src/Assets/Styles/PreviewModalStyle.ts
FNF:0
FNH:0
DA:2,7
DA:4,7
DA:5,7
DA:7,7
LF:4
LH:4
BRF:0
BRH:0
end_of_record
TN:
SF:/Users/selcuk/Documents/projects/react-native-photo-gallery-view/src/Assets/Styles/TopBarStyle.ts
FNF:0
FNH:0
DA:1,7
DA:3,7
DA:5,7
LF:3
LH:3
BRF:0
BRH:0
end_of_record
TN:
SF:/Users/selcuk/Documents/projects/react-native-photo-gallery-view/src/Assets/Styles/index.ts
FNF:0
FNH:0
DA:1,7
DA:2,7
DA:3,7
DA:4,7
DA:5,7
DA:6,7
LF:6
LH:6
BRF:0
BRH:0
end_of_record
TN:
SF:/Users/selcuk/Documents/projects/react-native-photo-gallery-view/src/Components/AlbumComponent.tsx
FN:11,(anonymous_0)
FN:16,(anonymous_1)
FN:20,(anonymous_2)
FN:26,(anonymous_3)
FN:27,(anonymous_4)
FN:37,(anonymous_5)
FN:42,(anonymous_6)
FN:52,(anonymous_7)
FN:53,(anonymous_8)
FN:61,(anonymous_9)
FN:68,(anonymous_10)
FN:73,(anonymous_11)
FNF:12
FNH:9
FNDA:30,(anonymous_0)
FNDA:37,(anonymous_1)
FNDA:29,(anonymous_2)
FNDA:0,(anonymous_3)
FNDA:0,(anonymous_4)
FNDA:7,(anonymous_5)
FNDA:1,(anonymous_6)
FNDA:1,(anonymous_7)
FNDA:1,(anonymous_8)
FNDA:0,(anonymous_9)
FNDA:16,(anonymous_10)
FNDA:10,(anonymous_11)
DA:2,3
DA:3,3
DA:7,3
DA:9,3
DA:11,3
DA:13,3
DA:14,30
DA:17,37
DA:21,29
DA:26,0
DA:27,0
DA:38,7
DA:40,3
DA:42,1
DA:50,4
DA:52,1
DA:53,1
DA:62,0
DA:63,0
DA:69,16
DA:70,16
DA:74,10
DA:78,2
DA:81,6
DA:90,2
LF:25
LH:21
BRDA:43,0,0,3
BRDA:43,0,1,3
BRDA:45,1,0,3
BRDA:45,1,1,0
BRDA:55,2,0,4
BRDA:55,2,1,4
BRDA:56,3,0,4
BRDA:56,3,1,0
BRF:8
BRH:6
end_of_record
TN:
SF:/Users/selcuk/Documents/projects/react-native-photo-gallery-view/src/Components/BlurImage.tsx
FN:12,(anonymous_0)
FN:28,(anonymous_1)
FN:30,(anonymous_2)
FN:33,(anonymous_3)
FN:40,(anonymous_4)
FN:67,(anonymous_5)
FN:74,(anonymous_6)
FN:75,(anonymous_7)
FN:78,(anonymous_8)
FN:85,(anonymous_9)
FN:88,(anonymous_10)
FN:102,(anonymous_11)
FN:103,(anonymous_12)
FN:108,(anonymous_13)
FN:112,(anonymous_14)
FN:116,(anonymous_15)
FN:128,(anonymous_16)
FNF:17
FNH:11
FNDA:10,(anonymous_0)
FNDA:10,(anonymous_1)
FNDA:0,(anonymous_2)
FNDA:0,(anonymous_3)
FNDA:0,(anonymous_4)
FNDA:1,(anonymous_5)
FNDA:0,(anonymous_6)
FNDA:0,(anonymous_7)
FNDA:0,(anonymous_8)
FNDA:1,(anonymous_9)
FNDA:1,(anonymous_10)
FNDA:1,(anonymous_11)
FNDA:1,(anonymous_12)
FNDA:2,(anonymous_13)
FNDA:12,(anonymous_14)
FNDA:11,(anonymous_15)
FNDA:10,(anonymous_16)
DA:2,3
DA:3,3
DA:7,3
DA:8,3
DA:9,3
DA:10,3
DA:12,3
DA:14,10
DA:15,10
DA:16,10
DA:18,10
DA:19,10
DA:20,10
DA:22,3
DA:24,10
DA:29,10
DA:30,0
DA:34,0
DA:35,0
DA:41,0
DA:42,0
DA:49,0
DA:52,0
DA:54,0
DA:55,0
DA:56,0
DA:59,0
DA:61,0
DA:62,0
DA:63,0
DA:68,1
DA:75,0
DA:76,0
DA:78,0
DA:79,0
DA:86,1
DA:90,1
DA:92,0
DA:94,1
DA:103,1
DA:104,1
DA:109,2
DA:114,12
DA:117,11
DA:129,10
LF:45
LH:26
BRDA:44,0,0,0
BRDA:44,0,1,0
BRDA:48,1,0,0
BRDA:48,1,1,0
BRDA:53,2,0,0
BRDA:53,2,1,0
BRDA:58,3,0,0
BRDA:58,3,1,0
BRDA:60,4,0,0
BRDA:60,4,1,0
BRDA:118,5,0,11
BRDA:118,5,1,10
BRDA:120,6,0,1
BRDA:120,6,1,10
BRF:14
BRH:4
end_of_record
TN:
SF:/Users/selcuk/Documents/projects/react-native-photo-gallery-view/src/Components/DetailComponent.tsx
FN:13,(anonymous_0)
FN:17,(anonymous_1)
FNF:2
FNH:2
FNDA:3,(anonymous_0)
FNDA:3,(anonymous_1)
DA:2,2
DA:5,2
DA:7,2
DA:9,2
DA:11,2
DA:14,3
DA:18,3
LF:7
LH:7
BRDA:22,0,0,3
BRDA:22,0,1,2
BRDA:23,1,0,3
BRDA:23,1,1,2
BRF:4
BRH:4
end_of_record
TN:
SF:/Users/selcuk/Documents/projects/react-native-photo-gallery-view/src/Components/FooterComponent.tsx
FN:15,(anonymous_0)
FN:19,(anonymous_1)
FN:26,(anonymous_2)
FN:38,(anonymous_3)
FNF:4
FNH:4
FNDA:26,(anonymous_0)
FNDA:26,(anonymous_1)
FNDA:27,(anonymous_2)
FNDA:27,(anonymous_3)
DA:2,3
DA:3,3
DA:6,3
DA:8,3
DA:9,3
DA:11,3
DA:13,3
DA:16,26
DA:19,26
DA:27,27
DA:29,2
DA:35,25
DA:39,27
DA:41,22
DA:47,5
LF:15
LH:15
BRDA:28,0,0,27
BRDA:28,0,1,27
BRDA:28,0,2,2
BRDA:40,1,0,27
BRDA:40,1,1,27
BRDA:40,1,2,26
BRF:6
BRH:6
end_of_record
TN:
SF:/Users/selcuk/Documents/projects/react-native-photo-gallery-view/src/Components/GalleryComponent.tsx
FN:15,(anonymous_0)
FN:51,(anonymous_1)
FN:59,(anonymous_2)
FN:60,(anonymous_3)
FN:74,(anonymous_4)
FN:84,(anonymous_5)
FN:93,(anonymous_6)
FN:101,(anonymous_7)
FN:105,(anonymous_8)
FN:109,(anonymous_9)
FN:114,(anonymous_10)
FN:126,(anonymous_11)
FN:133,(anonymous_12)
FN:140,(anonymous_13)
FN:150,(anonymous_14)
FNF:15
FNH:13
FNDA:29,(anonymous_0)
FNDA:47,(anonymous_1)
FNDA:0,(anonymous_2)
FNDA:0,(anonymous_3)
FNDA:1,(anonymous_4)
FNDA:1,(anonymous_5)
FNDA:2,(anonymous_6)
FNDA:29,(anonymous_7)
FNDA:1,(anonymous_8)
FNDA:2,(anonymous_9)
FNDA:4,(anonymous_10)
FNDA:1,(anonymous_11)
FNDA:1,(anonymous_12)
FNDA:1,(anonymous_13)
FNDA:2,(anonymous_14)
DA:2,2
DA:3,2
DA:6,2
DA:8,2
DA:9,2
DA:11,2
DA:13,2
DA:16,29
DA:17,29
DA:39,29
DA:42,2
DA:54,47
DA:55,47
DA:56,47
DA:59,0
DA:60,0
DA:75,1
DA:76,1
DA:85,1
DA:86,1
DA:95,0
DA:102,29
DA:106,1
DA:110,2
DA:111,2
DA:115,4
DA:116,4
DA:118,4
DA:122,0
DA:127,1
DA:134,1
DA:141,1
DA:151,2
DA:152,2
DA:155,2
DA:156,2
DA:160,2
DA:161,2
DA:163,0
DA:166,2
LF:40
LH:35
BRDA:60,0,0,0
BRDA:60,0,1,0
BRDA:65,1,0,47
BRDA:65,1,1,42
BRDA:66,2,0,47
BRDA:66,2,1,5
BRDA:68,3,0,47
BRDA:68,3,1,3
BRDA:117,4,0,4
BRDA:117,4,1,4
BRF:10
BRH:8
end_of_record
TN:
SF:/Users/selcuk/Documents/projects/react-native-photo-gallery-view/src/Components/PreviewModalComponent.tsx
FN:12,(anonymous_0)
FN:21,(anonymous_1)
FN:27,(anonymous_2)
FN:34,(anonymous_3)
FN:57,(anonymous_4)
FN:68,(anonymous_5)
FN:76,(anonymous_6)
FN:79,(anonymous_7)
FNF:8
FNH:7
FNDA:4,(anonymous_0)
FNDA:4,(anonymous_1)
FNDA:1,(anonymous_2)
FNDA:4,(anonymous_3)
FNDA:1,(anonymous_4)
FNDA:0,(anonymous_5)
FNDA:4,(anonymous_6)
FNDA:4,(anonymous_7)
DA:2,3
DA:3,3
DA:6,3
DA:8,3
DA:9,3
DA:10,3
DA:12,3
DA:14,3
DA:16,4
DA:17,4
DA:18,4
DA:19,4
DA:22,4
DA:28,1
DA:35,4
DA:58,1
DA:68,0
DA:77,4
DA:80,4
LF:19
LH:18
BRDA:50,0,0,3
BRDA:50,0,1,1
BRDA:64,1,0,1
BRDA:64,1,1,0
BRDA:86,2,0,4
BRDA:86,2,1,0
BRF:6
BRH:4
end_of_record
TN:
SF:/Users/selcuk/Documents/projects/react-native-photo-gallery-view/src/Components/TopBarComponent.tsx
FN:12,(anonymous_0)
FN:17,(anonymous_1)
FN:21,(anonymous_2)
FN:34,(anonymous_3)
FN:38,(anonymous_4)
FN:46,(anonymous_5)
FN:55,(anonymous_6)
FN:62,(anonymous_7)
FNF:8
FNH:8
FNDA:19,(anonymous_0)
FNDA:26,(anonymous_1)
FNDA:26,(anonymous_2)
FNDA:19,(anonymous_3)
FNDA:32,(anonymous_4)
FNDA:28,(anonymous_5)
FNDA:30,(anonymous_6)
FNDA:1,(anonymous_7)
DA:2,3
DA:3,3
DA:6,3
DA:8,3
DA:9,3
DA:10,3
DA:12,3
DA:14,3
DA:15,19
DA:18,26
DA:22,26
DA:35,19
DA:39,32
DA:41,4
DA:43,28
DA:47,28
DA:50,3
DA:52,25
DA:56,30
DA:58,23
DA:61,7
DA:62,1
LF:22
LH:22
BRDA:40,0,0,32
BRDA:40,0,1,32
BRDA:41,1,0,3
BRDA:50,2,0,2
BRDA:50,2,1,1
BRDA:52,3,0,21
BRDA:52,3,1,4
BRF:7
BRH:7
end_of_record
TN:
SF:/Users/selcuk/Documents/projects/react-native-photo-gallery-view/src/Components/index.ts
FNF:0
FNH:0
DA:1,2
DA:2,2
DA:3,2
DA:4,2
DA:5,2
DA:6,2
DA:7,2
LF:7
LH:7
BRF:0
BRH:0
end_of_record
TN:
SF:/Users/selcuk/Documents/projects/react-native-photo-gallery-view/src/Constants/index.ts
FN:1,(anonymous_0)
FNF:1
FNH:1
FNDA:7,(anonymous_0)
DA:1,7
DA:2,7
DA:3,7
DA:4,7
DA:8,7
DA:12,7
DA:16,7
LF:7
LH:7
BRDA:1,0,0,7
BRDA:1,0,1,7
BRF:2
BRH:2
end_of_record
TN:
SF:/Users/selcuk/Documents/projects/react-native-photo-gallery-view/src/Helpers/Animate.ts
FN:3,(anonymous_0)
FN:4,(anonymous_1)
FN:5,(anonymous_2)
FN:6,(anonymous_3)
FNF:4
FNH:4
FNDA:5,(anonymous_0)
FNDA:28,(anonymous_1)
FNDA:5,(anonymous_2)
FNDA:6,(anonymous_3)
DA:1,5
DA:3,5
DA:4,28
DA:5,5
DA:6,6
LF:5
LH:5
BRDA:3,0,0,5
BRDA:3,0,1,5
BRF:2
BRH:2
end_of_record
TN:
SF:/Users/selcuk/Documents/projects/react-native-photo-gallery-view/src/Helpers/index.ts
FNF:0
FNH:0
DA:1,5
LF:1
LH:1
BRF:0
BRH:0
end_of_record
TN:
SF:/Users/selcuk/Documents/projects/react-native-photo-gallery-view/src/Provider/index.ts
FNF:0
FNH:0
DA:2,7
DA:4,7
DA:9,7
LF:3
LH:3
BRF:0
BRH:0
end_of_record
